mode: set
github.com/zanetworker/taas/cmd/compose.go:21.50,28.55 2 1
github.com/zanetworker/taas/cmd/compose.go:28.55,30.4 1 1
github.com/zanetworker/taas/cmd/compose.go:33.2,38.19 5 1
github.com/zanetworker/taas/cmd/compose.go:41.55,42.39 1 1
github.com/zanetworker/taas/cmd/compose.go:42.39,44.3 1 0
github.com/zanetworker/taas/cmd/compose.go:45.2,45.65 1 1
github.com/zanetworker/taas/cmd/create.go:40.49,48.55 2 1
github.com/zanetworker/taas/cmd/create.go:48.55,50.22 2 0
github.com/zanetworker/taas/cmd/create.go:50.22,52.5 1 0
github.com/zanetworker/taas/cmd/create.go:53.4,53.14 1 0
github.com/zanetworker/taas/cmd/create.go:57.2,60.18 3 1
github.com/zanetworker/taas/cmd/goss.go:22.47,28.55 2 1
github.com/zanetworker/taas/cmd/goss.go:28.55,30.4 1 0
github.com/zanetworker/taas/cmd/goss.go:33.2,42.16 7 1
github.com/zanetworker/taas/cmd/goss.go:45.34,50.16 3 0
github.com/zanetworker/taas/cmd/goss.go:50.16,52.3 1 0
github.com/zanetworker/taas/cmd/goss.go:54.2,54.73 1 0
github.com/zanetworker/taas/cmd/home.go:15.47,20.48 1 1
github.com/zanetworker/taas/cmd/home.go:20.48,23.4 2 1
github.com/zanetworker/taas/cmd/home.go:25.2,25.12 1 1
github.com/zanetworker/taas/cmd/jenkins.go:18.50,24.55 2 1
github.com/zanetworker/taas/cmd/jenkins.go:24.55,25.22 1 0
github.com/zanetworker/taas/cmd/jenkins.go:25.22,26.38 1 0
github.com/zanetworker/taas/cmd/jenkins.go:26.38,28.6 1 0
github.com/zanetworker/taas/cmd/jenkins.go:30.4,30.24 1 0
github.com/zanetworker/taas/cmd/jenkins.go:34.2,40.19 4 1
github.com/zanetworker/taas/cmd/jenkins.go:43.37,45.2 1 0
github.com/zanetworker/taas/cmd/taas.go:52.47,73.42 6 1
github.com/zanetworker/taas/cmd/taas.go:73.42,75.3 1 0
github.com/zanetworker/taas/cmd/taas.go:78.2,79.16 2 1
github.com/zanetworker/taas/cmd/taas.go:82.18,84.31 2 0
github.com/zanetworker/taas/cmd/taas.go:84.31,86.3 1 0
github.com/zanetworker/taas/cmd/taas.go:87.2,87.55 1 0
github.com/zanetworker/taas/cmd/taas.go:87.55,89.3 1 0
github.com/zanetworker/taas/cmd/taas.go:92.49,94.35 2 0
github.com/zanetworker/taas/cmd/taas.go:94.35,96.3 1 0
github.com/zanetworker/taas/cmd/taas.go:100.13,102.38 2 0
github.com/zanetworker/taas/cmd/taas.go:102.38,104.3 1 0
github.com/zanetworker/taas/cmd/version.go:19.50,27.55 2 1
github.com/zanetworker/taas/cmd/version.go:27.55,29.4 1 0
github.com/zanetworker/taas/cmd/version.go:31.2,35.19 3 1
github.com/zanetworker/taas/cmd/version.go:38.56,41.16 3 0
github.com/zanetworker/taas/cmd/version.go:41.16,43.3 1 0
github.com/zanetworker/taas/cmd/version.go:44.2,44.75 1 0
github.com/zanetworker/taas/cmd/version.go:44.75,46.3 1 0
github.com/zanetworker/taas/cmd/version.go:47.2,47.12 1 0
github.com/zanetworker/taas/pkg/compose/compose.go:18.13,25.2 5 1
github.com/zanetworker/taas/pkg/compose/compose.go:28.60,33.16 4 1
github.com/zanetworker/taas/pkg/compose/compose.go:33.16,35.3 1 0
github.com/zanetworker/taas/pkg/compose/compose.go:37.2,42.63 4 1
github.com/zanetworker/taas/pkg/environment/environment.go:54.51,58.2 2 1
github.com/zanetworker/taas/pkg/environment/environment.go:68.47,69.34 1 1
github.com/zanetworker/taas/pkg/environment/environment.go:69.34,71.3 1 1
github.com/zanetworker/taas/pkg/environment/environment.go:74.60,75.22 1 1
github.com/zanetworker/taas/pkg/environment/environment.go:75.22,77.3 1 1
github.com/zanetworker/taas/pkg/environment/environment.go:78.2,78.38 1 1
github.com/zanetworker/taas/pkg/environment/environment.go:78.38,79.41 1 1
github.com/zanetworker/taas/pkg/environment/environment.go:79.41,81.4 1 0
github.com/zanetworker/taas/pkg/globalutils/colors.go:6.62,9.22 2 0
github.com/zanetworker/taas/pkg/globalutils/colors.go:10.13,11.29 1 0
github.com/zanetworker/taas/pkg/globalutils/colors.go:12.14,13.30 1 0
github.com/zanetworker/taas/pkg/globalutils/colors.go:15.2,15.33 1 0
github.com/zanetworker/taas/pkg/globalutils/files.go:9.37,12.18 2 1
github.com/zanetworker/taas/pkg/globalutils/files.go:13.21,14.72 1 1
github.com/zanetworker/taas/pkg/globalutils/files.go:15.24,16.75 1 1
github.com/zanetworker/taas/pkg/globalutils/files.go:17.22,18.73 1 1
github.com/zanetworker/taas/pkg/globalutils/files.go:19.24,20.75 1 1
github.com/zanetworker/taas/pkg/globalutils/files.go:21.23,22.67 1 1
github.com/zanetworker/taas/pkg/globalutils/files.go:23.14,24.54 1 1
github.com/zanetworker/taas/pkg/globalutils/files.go:27.2,27.11 1 0
github.com/zanetworker/taas/pkg/goss/goss.go:45.87,48.16 3 0
github.com/zanetworker/taas/pkg/goss/goss.go:48.16,50.3 1 0
github.com/zanetworker/taas/pkg/goss/goss.go:51.2,51.48 1 0
github.com/zanetworker/taas/pkg/goss/goss.go:54.13,62.2 1 1
github.com/zanetworker/taas/pkg/goss/goss_helpers.go:5.58,8.2 2 0
github.com/zanetworker/taas/pkg/goss/goss_helpers.go:11.56,12.19 1 0
github.com/zanetworker/taas/pkg/goss/goss_helpers.go:13.18,14.23 1 0
github.com/zanetworker/taas/pkg/goss/goss_helpers.go:15.12,16.23 1 0
github.com/zanetworker/taas/pkg/goss/goss_helpers.go:17.14,18.23 1 0
github.com/zanetworker/taas/pkg/goss/goss_helpers.go:19.10,20.12 1 0
github.com/zanetworker/taas/pkg/log/logwrapper.go:10.39,13.2 2 0
github.com/zanetworker/taas/pkg/log/logwrapper.go:16.39,19.2 2 0
github.com/zanetworker/taas/pkg/log/logwrapper.go:22.39,25.2 2 0
github.com/zanetworker/taas/pkg/log/logwrapper.go:28.27,31.2 2 1
github.com/zanetworker/taas/pkg/log/logwrapper_helpers.go:8.49,11.2 2 1
github.com/zanetworker/taas/pkg/taaspath/taashome.go:30.31,32.2 1 1
github.com/zanetworker/taas/pkg/taaspath/taashome.go:35.43,39.2 3 1
github.com/zanetworker/taas/pkg/taaspath/taashome.go:42.34,44.2 1 1
github.com/zanetworker/taas/pkg/taaspath/taashome.go:47.32,49.2 1 1
github.com/zanetworker/taas/pkg/taaspath/taashome.go:52.31,54.2 1 1
github.com/zanetworker/taas/pkg/testutils/testutils.go:14.74,15.16 1 1
github.com/zanetworker/taas/pkg/testutils/testutils.go:15.16,19.3 3 0
github.com/zanetworker/taas/pkg/testutils/testutils.go:23.35,24.16 1 1
github.com/zanetworker/taas/pkg/testutils/testutils.go:24.16,28.3 3 0
github.com/zanetworker/taas/pkg/testutils/testutils.go:32.62,33.34 1 1
github.com/zanetworker/taas/pkg/testutils/testutils.go:33.34,37.3 3 0
github.com/zanetworker/taas/pkg/version/version.go:21.60,26.11 3 0
github.com/zanetworker/taas/pkg/version/version.go:26.11,29.17 3 0
github.com/zanetworker/taas/pkg/version/version.go:29.17,31.4 1 0
github.com/zanetworker/taas/pkg/version/version.go:32.3,32.51 1 0
github.com/zanetworker/taas/pkg/version/version.go:33.3,40.17 7 0
github.com/zanetworker/taas/pkg/version/version.go:40.17,42.4 1 0
github.com/zanetworker/taas/pkg/version/version.go:43.3,43.50 1 0
github.com/zanetworker/taas/pkg/version/version.go:46.2,46.29 1 0
github.com/zanetworker/taas/pkg/version/version_helpers.go:11.26,14.16 3 1
github.com/zanetworker/taas/pkg/version/version_helpers.go:14.16,16.3 1 0
github.com/zanetworker/taas/pkg/version/version_helpers.go:17.2,17.29 1 1
github.com/zanetworker/taas/pkg/version/version_helpers.go:20.28,23.16 3 0
github.com/zanetworker/taas/pkg/version/version_helpers.go:23.16,25.3 1 0
github.com/zanetworker/taas/pkg/version/version_helpers.go:26.2,26.48 1 0
