mode: atomic
github.com/zanetworker/taas/cmd/compose.go:21.50,28.55 2 10
github.com/zanetworker/taas/cmd/compose.go:28.55,30.4 1 4
github.com/zanetworker/taas/cmd/compose.go:33.2,38.19 5 10
github.com/zanetworker/taas/cmd/compose.go:41.55,42.39 1 4
github.com/zanetworker/taas/cmd/compose.go:42.39,44.3 1 0
github.com/zanetworker/taas/cmd/compose.go:45.2,45.65 1 4
github.com/zanetworker/taas/cmd/create.go:40.49,48.55 2 6
github.com/zanetworker/taas/cmd/create.go:48.55,50.22 2 0
github.com/zanetworker/taas/cmd/create.go:50.22,52.5 1 0
github.com/zanetworker/taas/cmd/create.go:53.4,53.14 1 0
github.com/zanetworker/taas/cmd/create.go:57.2,60.18 3 6
github.com/zanetworker/taas/cmd/goss.go:21.47,27.55 2 6
github.com/zanetworker/taas/cmd/goss.go:27.55,29.4 1 0
github.com/zanetworker/taas/cmd/goss.go:32.2,41.16 7 6
github.com/zanetworker/taas/cmd/goss.go:44.34,46.2 1 0
github.com/zanetworker/taas/cmd/home.go:15.47,20.48 1 6
github.com/zanetworker/taas/cmd/home.go:20.48,23.4 2 5
github.com/zanetworker/taas/cmd/home.go:25.2,25.12 1 6
github.com/zanetworker/taas/cmd/jenkins.go:19.50,25.55 2 6
github.com/zanetworker/taas/cmd/jenkins.go:25.55,27.4 1 0
github.com/zanetworker/taas/cmd/jenkins.go:29.2,38.19 6 6
github.com/zanetworker/taas/cmd/jenkins.go:41.37,43.2 1 0
github.com/zanetworker/taas/cmd/taas.go:52.47,76.2 7 6
github.com/zanetworker/taas/cmd/taas.go:78.18,80.31 2 0
github.com/zanetworker/taas/cmd/taas.go:80.31,82.3 1 0
github.com/zanetworker/taas/cmd/taas.go:83.2,83.55 1 0
github.com/zanetworker/taas/cmd/taas.go:83.55,85.3 1 0
github.com/zanetworker/taas/cmd/taas.go:88.49,90.35 2 0
github.com/zanetworker/taas/cmd/taas.go:90.35,92.3 1 0
github.com/zanetworker/taas/cmd/taas.go:96.13,98.38 2 0
github.com/zanetworker/taas/cmd/taas.go:98.38,100.3 1 0
github.com/zanetworker/taas/cmd/version.go:19.50,27.55 2 6
github.com/zanetworker/taas/cmd/version.go:27.55,29.4 1 0
github.com/zanetworker/taas/cmd/version.go:31.2,35.19 3 6
github.com/zanetworker/taas/cmd/version.go:38.56,41.16 3 0
github.com/zanetworker/taas/cmd/version.go:41.16,43.3 1 0
github.com/zanetworker/taas/cmd/version.go:44.2,44.75 1 0
github.com/zanetworker/taas/cmd/version.go:44.75,46.3 1 0
github.com/zanetworker/taas/cmd/version.go:47.2,47.12 1 0
github.com/zanetworker/taas/pkg/compose/compose.go:18.13,25.2 5 9
github.com/zanetworker/taas/pkg/compose/compose.go:28.60,32.16 3 4
github.com/zanetworker/taas/pkg/compose/compose.go:32.16,34.3 1 0
github.com/zanetworker/taas/pkg/compose/compose.go:36.2,41.63 4 4
github.com/zanetworker/taas/pkg/environment/environment.go:54.51,58.2 2 10
github.com/zanetworker/taas/pkg/environment/environment.go:68.47,69.34 1 10
github.com/zanetworker/taas/pkg/environment/environment.go:69.34,71.3 1 30
github.com/zanetworker/taas/pkg/environment/environment.go:74.60,75.22 1 30
github.com/zanetworker/taas/pkg/environment/environment.go:75.22,77.3 1 4
github.com/zanetworker/taas/pkg/environment/environment.go:78.2,78.38 1 26
github.com/zanetworker/taas/pkg/environment/environment.go:78.38,79.41 1 5
github.com/zanetworker/taas/pkg/environment/environment.go:79.41,81.4 1 0
github.com/zanetworker/taas/pkg/globalutils/colors.go:6.62,9.22 2 0
github.com/zanetworker/taas/pkg/globalutils/colors.go:10.13,11.29 1 0
github.com/zanetworker/taas/pkg/globalutils/colors.go:12.14,13.30 1 0
github.com/zanetworker/taas/pkg/globalutils/colors.go:15.2,15.33 1 0
github.com/zanetworker/taas/pkg/globalutils/files.go:9.37,12.18 2 72
github.com/zanetworker/taas/pkg/globalutils/files.go:13.21,14.72 1 25
github.com/zanetworker/taas/pkg/globalutils/files.go:15.24,16.75 1 24
github.com/zanetworker/taas/pkg/globalutils/files.go:17.22,18.73 1 9
github.com/zanetworker/taas/pkg/globalutils/files.go:19.24,20.75 1 9
github.com/zanetworker/taas/pkg/globalutils/files.go:21.23,22.67 1 4
github.com/zanetworker/taas/pkg/globalutils/files.go:23.14,24.54 1 1
github.com/zanetworker/taas/pkg/globalutils/files.go:27.2,27.11 1 0
github.com/zanetworker/taas/pkg/goss/goss.go:46.87,49.16 3 0
github.com/zanetworker/taas/pkg/goss/goss.go:49.16,51.3 1 0
github.com/zanetworker/taas/pkg/goss/goss.go:52.2,52.48 1 0
github.com/zanetworker/taas/pkg/goss/goss.go:55.13,61.2 2 9
github.com/zanetworker/taas/pkg/goss/goss_helpers.go:5.58,8.2 2 0
github.com/zanetworker/taas/pkg/goss/goss_helpers.go:11.56,12.19 1 0
github.com/zanetworker/taas/pkg/goss/goss_helpers.go:13.18,14.23 1 0
github.com/zanetworker/taas/pkg/goss/goss_helpers.go:15.12,16.23 1 0
github.com/zanetworker/taas/pkg/goss/goss_helpers.go:17.14,18.23 1 0
github.com/zanetworker/taas/pkg/goss/goss_helpers.go:19.10,20.12 1 0
github.com/zanetworker/taas/pkg/jenkins/jenkins.go:16.13,21.2 2 9
github.com/zanetworker/taas/pkg/jenkins/jenkins.go:24.84,27.16 3 0
github.com/zanetworker/taas/pkg/jenkins/jenkins.go:27.16,29.3 1 0
github.com/zanetworker/taas/pkg/jenkins/jenkins.go:30.2,37.37 2 0
github.com/zanetworker/taas/pkg/log/logwrapper.go:10.39,13.2 2 0
github.com/zanetworker/taas/pkg/log/logwrapper.go:16.39,19.2 2 0
github.com/zanetworker/taas/pkg/log/logwrapper.go:22.39,25.2 2 0
github.com/zanetworker/taas/pkg/log/logwrapper.go:28.27,31.2 2 0
github.com/zanetworker/taas/pkg/log/logwrapper_helpers.go:8.49,11.2 2 1
github.com/zanetworker/taas/pkg/taaspath/taashome.go:30.31,32.2 1 16
github.com/zanetworker/taas/pkg/taaspath/taashome.go:35.43,39.2 3 3
github.com/zanetworker/taas/pkg/taaspath/taashome.go:42.34,44.2 1 1
github.com/zanetworker/taas/pkg/taaspath/taashome.go:47.32,49.2 1 1
github.com/zanetworker/taas/pkg/taaspath/taashome.go:52.31,54.2 1 1
github.com/zanetworker/taas/pkg/testutils/testutils.go:14.74,15.16 1 9
github.com/zanetworker/taas/pkg/testutils/testutils.go:15.16,19.3 3 0
github.com/zanetworker/taas/pkg/testutils/testutils.go:23.35,24.16 1 24
github.com/zanetworker/taas/pkg/testutils/testutils.go:24.16,28.3 3 0
github.com/zanetworker/taas/pkg/testutils/testutils.go:32.62,33.34 1 5
github.com/zanetworker/taas/pkg/testutils/testutils.go:33.34,37.3 3 0
github.com/zanetworker/taas/pkg/version/version.go:21.60,26.11 3 0
github.com/zanetworker/taas/pkg/version/version.go:26.11,29.17 3 0
github.com/zanetworker/taas/pkg/version/version.go:29.17,31.4 1 0
github.com/zanetworker/taas/pkg/version/version.go:32.3,32.51 1 0
github.com/zanetworker/taas/pkg/version/version.go:33.3,40.17 7 0
github.com/zanetworker/taas/pkg/version/version.go:40.17,42.4 1 0
github.com/zanetworker/taas/pkg/version/version.go:43.3,43.50 1 0
github.com/zanetworker/taas/pkg/version/version.go:46.2,46.29 1 0
github.com/zanetworker/taas/pkg/version/version_helpers.go:11.26,14.16 3 1
github.com/zanetworker/taas/pkg/version/version_helpers.go:14.16,16.3 1 0
github.com/zanetworker/taas/pkg/version/version_helpers.go:17.2,17.29 1 1
github.com/zanetworker/taas/pkg/version/version_helpers.go:20.28,23.16 3 0
github.com/zanetworker/taas/pkg/version/version_helpers.go:23.16,25.3 1 0
github.com/zanetworker/taas/pkg/version/version_helpers.go:26.2,26.48 1 0
